<?xml version="1.0" encoding="UTF-8"?>
<!-- Generated by org.testng.reporters.JUnitReportReporter -->
<testsuite skipped="0" hostname="ntpc01508" name="resttestdemo.Testauth" tests="1" failures="0" timestamp="11 Sep 2018 09:01:43 GMT" time="4.382" errors="0">
  <testcase name="testoauth" time="4.382" classname="resttestdemo.Testauth"/>
</testsuite> <!-- resttestdemo.Testauth -->
